1697194848919:import "C:\\\\Users\\\\kursc\\\\Desktop\\\\The.Place.Beyond.the.Pines.2012.(1080p.x265.10bit.Tigole).mkv.json"
1697194951628:edit
1697194963549:import "C:\\\\Users\\\\kursc\\\\Desktop\\\\The.Place.Beyond.the.Pines.2012.(1080p.x265.10bit.Tigole).mkv.json"
1697194967614:stracktrace
1697194970790:stacktrace
1697195007994:import "C:\\\\Users\\\\kursc\\\\Desktop\\\\The.Place.Beyond.the.Pines.2012.(1080p.x265.10bit.Tigole).mkv.json"
1697195011966:stacktrace
1697195067644:import "C:\\\\Users\\\\kursc\\\\Desktop\\\\The.Place.Beyond.the.Pines.2012.(1080p.x265.10bit.Tigole).mkv.json"#
1697195087514:import "C:\\\\Users\\\\kursc\\\\Desktop\\\\The.Place.Beyond.the.Pines.2012.(1080p.x265.10bit.Tigole).mkv.json"
1697195090524:stacktrace
1697195123302:import "C:\\\\Users\\\\kursc\\\\Desktop\\\\The.Place.Beyond.the.Pines.2012.(1080p.x265.10bit.Tigole).mkv.json"
1697195135367:stacktraceimport "C:\\\\Users\\\\kursc\\\\Desktop\\\\The.Place.Beyond.the.Pines.2012.(1080p.x265.10bit.Tigole).mkv.json"
1697195137167:import "C:\\\\Users\\\\kursc\\\\Desktop\\\\The.Place.Beyond.the.Pines.2012.(1080p.x265.10bit.Tigole).mkv.json"
1697195140377:stacktrace
1697195200451:import "C:\\\\Users\\\\kursc\\\\Desktop\\\\The.Place.Beyond.the.Pines.2012.(1080p.x265.10bit.Tigole).mkv.json"
1697195205353:edit
1697195328615:import "C:\\\\\\\\Users\\\\\\\\kursc\\\\\\\\Desktop\\\\\\\\The.Place.Beyond.the.Pines.2012.(1080p.x265.10bit.Tigole).mkv.json"
1697195330418:edit true
1697195400249:import "C:\\\\\\\\\\\\\\\\Users\\\\\\\\\\\\\\\\kursc\\\\\\\\\\\\\\\\Desktop\\\\\\\\\\\\\\\\The.Place.Beyond.the.Pines.2012.(1080p.x265.10bit.Tigole).mkv.json"
1697195401951:edit true
1697195472001:import "C:\\\\\\\\\\\\\\\\Users\\\\\\\\\\\\\\\\kursc\\\\\\\\\\\\\\\\Desktop\\\\\\\\\\\\\\\\The.Place.Beyond.the.Pines.2012.(1080p.x265.10bit.Tigole).mkv.json"
1697195473562:edit true
1697195489468:stracktrace
1697195492088:stacktrace
1697195522834:import "C:\\\\\\\\\\\\\\\\Users\\\\\\\\\\\\\\\\kursc\\\\\\\\\\\\\\\\Desktop\\\\\\\\\\\\\\\\The.Place.Beyond.the.Pines.2012.(1080p.x265.10bit.Tigole).mkv.json"
1697195524365:edit true
1697195620467:import "C:\\\\\\\\\\\\\\\\Users\\\\\\\\\\\\\\\\kursc\\\\\\\\\\\\\\\\Desktop\\\\\\\\\\\\\\\\The.Place.Beyond.the.Pines.2012.(1080p.x265.10bit.Tigole).mkv.json"
1697195622367:edit true
1697195751723:import "C:\\\\\\\\\\\\\\\\Users\\\\\\\\\\\\\\\\kursc\\\\\\\\\\\\\\\\Desktop\\\\\\\\\\\\\\\\The.Place.Beyond.the.Pines.2012.(1080p.x265.10bit.Tigole).mkv.json"
1697195752643:edit
1697195943764:edit true
1697196723543:import "C:\\\\\\\\\\\\\\\\Users\\\\\\\\\\\\\\\\kursc\\\\\\\\\\\\\\\\Desktop\\\\\\\\\\\\\\\\The.Place.Beyond.the.Pines.2012.(1080p.x265.10bit.Tigole).mkv.json"
1697196725025:edit true
1697196889381:spring-shell.log
1697196891352:shell:>
1697196894997:import "C:\\\\\\\\\\\\\\\\Users\\\\\\\\\\\\\\\\kursc\\\\\\\\\\\\\\\\Desktop\\\\\\\\\\\\\\\\The.Place.Beyond.the.Pines.2012.(1080p.x265.10bit.Tigole).mkv.json"
1697196896866:edit true
1697196936350:stacktrace
1697197208763:edit true
1697197417364:stacktrace
1697197445494:edit true
1697198010540:spring-shell.log
1697198015360:import "C:\\\\\\\\\\\\\\\\Users\\\\\\\\\\\\\\\\kursc\\\\\\\\\\\\\\\\Desktop\\\\\\\\\\\\\\\\The.Place.Beyond.the.Pines.2012.(1080p.x265.10bit.Tigole).mkv.json"
1697198016952:edit true
1697198491507:history
1697198498113:import "C:\\\\\\\\\\\\\\\\Users\\\\\\\\\\\\\\\\kursc\\\\\\\\\\\\\\\\Desktop\\\\\\\\\\\\\\\\The.Place.Beyond.the.Pines.2012.(1080p.x265.10bit.Tigole).mkv.json"
1697198499582:edit true
1697201615425:import "C:\\\\Users\\\\kursc\\\\Desktop\\\\Fight.Club.1999.2160p.UHD.BluRay.x265.HDR.DD5.1-Pahe.in.mkv.json"
1697201616548:edit
1697203274900:exit
1697284630050:import "C:\\\\Users\\\\kursc\\\\Desktop\\\\All Edits\\\\wolf of wallstreet let it happen.json"
1697284673586:stacktrace
1697284690613:import "C:\\\\Users\\\\kursc\\\\Desktop\\\\All Edits\\\\wolf of wallstreet let it happen.json"
1697284700271:staimport "C:\\\\Users\\\\kursc\\\\Desktop\\\\All Edits\\\\wolf of wallstreet let it happen.json"
1697284700900:import "C:\\\\Users\\\\kursc\\\\Desktop\\\\All Edits\\\\wolf of wallstreet let it happen.json"
1697284714081:edit
1697286140057:import "C:\\\\\\\\Users\\\\\\\\kursc\\\\\\\\Desktop\\\\\\\\All Edits\\\\\\\\wolf of wallstreet let it happen.json"
1697286141987:edit true
1697286511645:import "C:\\\\\\\\\\\\\\\\Users\\\\\\\\\\\\\\\\kursc\\\\\\\\\\\\\\\\Desktop\\\\\\\\\\\\\\\\All Edits\\\\\\\\\\\\\\\\wolf of wallstreet let it happen.json"
1697286514634:edit true
1697294088848:import "C:\\\\\\\\\\\\\\\\Users\\\\\\\\\\\\\\\\kursc\\\\\\\\\\\\\\\\Desktop\\\\\\\\\\\\\\\\All Edits\\\\\\\\\\\\\\\\wolf of wallstreet let it happen.json"
1697294090740:edit
1697298216015:import
1697298219437:exit
